<?xml version="1.0" encoding="UTF-8"?>
<testsuite name="com.jojoldu.book.springboot.web.IndexControllerTest" tests="1" skipped="0" failures="0" errors="0" timestamp="2020-09-06T08:09:34" hostname="DESKTOP-1AM9UCG" time="0.17">
  <properties/>
  <testcase name="메인페이지_로딩" classname="com.jojoldu.book.springboot.web.IndexControllerTest" time="0.17"/>
  <system-out><![CDATA[2020-09-06 17:09:34.056  INFO 24000 --- [    Test worker] .b.t.c.SpringBootTestContextBootstrapper : Neither @ContextConfiguration nor @ContextHierarchy found for test class [com.jojoldu.book.springboot.web.IndexControllerTest], using SpringBootContextLoader
2020-09-06 17:09:34.057  INFO 24000 --- [    Test worker] o.s.t.c.support.AbstractContextLoader    : Could not detect default resource locations for test class [com.jojoldu.book.springboot.web.IndexControllerTest]: no resource found for suffixes {-context.xml, Context.groovy}.
2020-09-06 17:09:34.058  INFO 24000 --- [    Test worker] t.c.s.AnnotationConfigContextLoaderUtils : Could not detect default configuration classes for test class [com.jojoldu.book.springboot.web.IndexControllerTest]: IndexControllerTest does not declare any static, non-private, non-final, nested classes annotated with @Configuration.
2020-09-06 17:09:34.061  INFO 24000 --- [    Test worker] .b.t.c.SpringBootTestContextBootstrapper : Found @SpringBootConfiguration com.jojoldu.book.springboot.Application for test class com.jojoldu.book.springboot.web.IndexControllerTest
2020-09-06 17:09:34.064  INFO 24000 --- [    Test worker] .b.t.c.SpringBootTestContextBootstrapper : Loaded default TestExecutionListener class names from location [META-INF/spring.factories]: [org.springframework.security.test.context.support.WithSecurityContextTestExecutionListener, org.springframework.security.test.context.support.ReactorContextTestExecutionListener, org.springframework.boot.test.autoconfigure.restdocs.RestDocsTestExecutionListener, org.springframework.boot.test.autoconfigure.web.client.MockRestServiceServerResetTestExecutionListener, org.springframework.boot.test.autoconfigure.web.servlet.MockMvcPrintOnlyOnFailureTestExecutionListener, org.springframework.boot.test.autoconfigure.web.servlet.WebDriverTestExecutionListener, org.springframework.boot.test.mock.mockito.MockitoTestExecutionListener, org.springframework.boot.test.mock.mockito.ResetMocksTestExecutionListener, org.springframework.test.context.web.ServletTestExecutionListener, org.springframework.test.context.support.DirtiesContextBeforeModesTestExecutionListener, org.springframework.test.context.support.DependencyInjectionTestExecutionListener, org.springframework.test.context.support.DirtiesContextTestExecutionListener, org.springframework.test.context.transaction.TransactionalTestExecutionListener, org.springframework.test.context.jdbc.SqlScriptsTestExecutionListener]
2020-09-06 17:09:34.067  INFO 24000 --- [    Test worker] .b.t.c.SpringBootTestContextBootstrapper : Using TestExecutionListeners: [org.springframework.test.context.web.ServletTestExecutionListener@64ba0821, org.springframework.test.context.support.DirtiesContextBeforeModesTestExecutionListener@37751d58, org.springframework.boot.test.mock.mockito.MockitoTestExecutionListener@249ac23b, org.springframework.boot.test.autoconfigure.SpringBootDependencyInjectionTestExecutionListener@514cf64, org.springframework.test.context.support.DirtiesContextTestExecutionListener@315b34e7, org.springframework.test.context.transaction.TransactionalTestExecutionListener@2edb6049, org.springframework.test.context.jdbc.SqlScriptsTestExecutionListener@5ca2e4b3, org.springframework.security.test.context.support.WithSecurityContextTestExecutionListener@7f6e6fac, org.springframework.security.test.context.support.ReactorContextTestExecutionListener@17fa80aa, org.springframework.boot.test.autoconfigure.restdocs.RestDocsTestExecutionListener@62566334, org.springframework.boot.test.autoconfigure.web.client.MockRestServiceServerResetTestExecutionListener@299a84b1, org.springframework.boot.test.autoconfigure.web.servlet.MockMvcPrintOnlyOnFailureTestExecutionListener@25058d21, org.springframework.boot.test.autoconfigure.web.servlet.WebDriverTestExecutionListener@66b9a6fb, org.springframework.boot.test.mock.mockito.ResetMocksTestExecutionListener@37a726db]
Hibernate: select posts0_.id as id1_0_, posts0_.create_date as create_d2_0_, posts0_.modified_date as modified3_0_, posts0_.author as author4_0_, posts0_.content as content5_0_, posts0_.title as title6_0_ from posts posts0_ order by posts0_.id DESC
]]></system-out>
  <system-err><![CDATA[]]></system-err>
</testsuite>
